2026-02-11 13:50:12,125 cli INFO: turning on verbose logging mode
2026-02-11 13:50:12,127 minidb DEBUG: PRAGMA table_info(CacheEntry)
2026-02-11 13:50:12,127 main INFO: Using .urlwatch/urls.yaml as URLs file
2026-02-11 13:50:12,127 main INFO: Using /home/runner/.config/urlwatch/hooks.py for hooks
2026-02-11 13:50:12,128 main INFO: Using .urlwatch/cache.db as cache database
2026-02-11 13:50:12,132 main INFO: Found 6 jobs
2026-02-11 13:50:12,132 worker DEBUG: Processing 6 jobs (out of 6)
2026-02-11 13:50:12,141 handler INFO: Processing: <url url='https://personal.uca.es/oposiciones-turno-libre/' ignore_connection_errors=False timeout=30 name='Oposiciones UCA - Informática' filter=['html2text', {'grep': 'informática'}, 'strip'] tags=frozenset({'oposiciones', 'informatica', 'universidad'})>
2026-02-11 13:50:12,142 minidb DEBUG: SELECT data, timestamp, tries, etag FROM CacheEntry WHERE guid = ? ORDER BY timestamp DESC, tries DESC LIMIT ? ['cced95a59b1f3044d3f200a36c0312b3cf6a2ddf', 1]
2026-02-11 13:50:12,142 handler INFO: Processing: <url url='https://buscadorcursos.inap.es/#/?abierto=true&funcion=6' timeout=30 name='Cursos INAP - Informática' filter=['html2text', {'grep': '(?i)informática|sistemas|tecnolog'}, 'strip'] tags=frozenset({'cursos', 'inap', 'informatica'})>
2026-02-11 13:50:12,142 handler INFO: Processing: <url url='https://puertoreal.sedelectronica.es/board' timeout=30 name='Ayto Puerto Real - Tablón' filter=['html2text', {'grep': '(?i)informática|técnico|sistemas'}, 'strip'] tags=frozenset({'puerto-real', 'informatica', 'ayuntamiento'})>
2026-02-11 13:50:12,142 handler INFO: Processing: <url url='https://puertoreal.es/oferta-publica-de-empleo/' timeout=30 name='Ayto Puerto Real - OPE' filter=['html2text', {'grep': '(?i)informática|técnico|sistemas'}, 'strip'] tags=frozenset({'puerto-real', 'ope', 'ayuntamiento'})>
2026-02-11 13:50:12,143 minidb DEBUG: SELECT data, timestamp, tries, etag FROM CacheEntry WHERE guid = ? ORDER BY timestamp DESC, tries DESC LIMIT ? ['e7c4f5a11af0244bbee598b93b2c74c2e3356845', 1]
2026-02-11 13:50:12,143 handler INFO: Processing: <url url='https://www.boe.es/buscar/doc.php?coleccion=boe&modo=ultimosdias&tm=4' timeout=30 name='BOE - Oposiciones Estado' filter=['html2text', {'grep': '(?i)informática|sistemas|tecnolog|técnico superior'}, 'strip'] tags=frozenset({'estado', 'boe', 'oposiciones'})>
2026-02-11 13:50:12,143 handler INFO: Processing: <url url='https://www.juntadeandalucia.es/organismos/funcionpublica/' timeout=30 name='Junta de Andalucía - OPE' filter=['html2text', {'grep': '(?i)informática|sistemas|tecnolog|oposición'}, 'strip'] tags=frozenset({'junta-andalucia', 'ope', 'informatica'})>
2026-02-11 13:50:12,144 minidb DEBUG: SELECT data, timestamp, tries, etag FROM CacheEntry WHERE guid = ? ORDER BY timestamp DESC, tries DESC LIMIT ? ['ad2247145f4f85341613aacc6b70e02dcde0e89b', 1]
2026-02-11 13:50:12,146 connectionpool DEBUG: Starting new HTTPS connection (1): buscadorcursos.inap.es:443
2026-02-11 13:50:12,146 connectionpool DEBUG: Starting new HTTPS connection (1): personal.uca.es:443
2026-02-11 13:50:12,148 connectionpool DEBUG: Starting new HTTPS connection (1): puertoreal.sedelectronica.es:443
2026-02-11 13:50:12,148 minidb DEBUG: SELECT data, timestamp, tries, etag FROM CacheEntry WHERE guid = ? ORDER BY timestamp DESC, tries DESC LIMIT ? ['7e9a3d72638d85a09b09260a765d924d61007ffb', 1]
2026-02-11 13:50:12,149 connectionpool DEBUG: Starting new HTTPS connection (1): puertoreal.es:443
2026-02-11 13:50:12,149 minidb DEBUG: SELECT data, timestamp, tries, etag FROM CacheEntry WHERE guid = ? ORDER BY timestamp DESC, tries DESC LIMIT ? ['8b6250dc36208ebde52a601e4996439030bc0a01', 1]
2026-02-11 13:50:12,150 minidb DEBUG: SELECT data, timestamp, tries, etag FROM CacheEntry WHERE guid = ? ORDER BY timestamp DESC, tries DESC LIMIT ? ['12ae3e4b8c627603a29725d79823e18e4870d789', 1]
2026-02-11 13:50:12,150 connectionpool DEBUG: Starting new HTTPS connection (1): www.boe.es:443
2026-02-11 13:50:12,151 connectionpool DEBUG: Starting new HTTPS connection (1): www.juntadeandalucia.es:443
2026-02-11 13:50:12,379 handler DEBUG: Increasing number of tries to 131 for <url url='https://puertoreal.sedelectronica.es/board' method='GET' timeout=30 name='Ayto Puerto Real - Tablón' filter=['html2text', {'grep': '(?i)informática|técnico|sistemas'}, 'strip'] tags=frozenset({'puerto-real', 'informatica', 'ayuntamiento'})>
2026-02-11 13:50:12,379 worker DEBUG: Job finished: <url url='https://puertoreal.sedelectronica.es/board' method='GET' timeout=30 name='Ayto Puerto Real - Tablón' filter=['html2text', {'grep': '(?i)informática|técnico|sistemas'}, 'strip'] tags=frozenset({'puerto-real', 'informatica', 'ayuntamiento'})>
2026-02-11 13:50:12,379 worker DEBUG: Using max_tries of 0 for <url url='https://puertoreal.sedelectronica.es/board' method='GET' timeout=30 name='Ayto Puerto Real - Tablón' filter=['html2text', {'grep': '(?i)informática|técnico|sistemas'}, 'strip'] tags=frozenset({'puerto-real', 'informatica', 'ayuntamiento'})>
2026-02-11 13:50:12,379 worker DEBUG: We are now at 131 tries 
2026-02-11 13:50:12,379 minidb DEBUG: INSERT INTO CacheEntry (guid, timestamp, data, tries, etag) VALUES (?, ?, ?, ?, ?) ['ad2247145f4f85341613aacc6b70e02dcde0e89b', 1770814212, 'Convocatoria para cubrir, con carácter definitivo, una plaza de Técnico/a Superior de Gestión (Especialidad Urbanismo): Propuesta del Tribunal Calificador de nombramiento a favor del candidato José María Córdoba Girón\n\t\t\tConvocatoria para cubrir, con carácter definitivo, una plaza de Ingeniero/a Técnico/a: propuesta del Tribunal Calificador, de nombramiento a favor del candidato Diego Jesús García Fraile\n\t\t\t\t\t    Sistemas de identificaciónSistemas de FirmaCertificados Electrónicos', 131, None]
2026-02-11 13:50:12,382 handler DEBUG: Got exception while processing <url url='https://puertoreal.sedelectronica.es/board' method='GET' timeout=30 name='Ayto Puerto Real - Tablón' filter=['html2text', {'grep': '(?i)informática|técnico|sistemas'}, 'strip'] tags=frozenset({'puerto-real', 'informatica', 'ayuntamiento'})>
Traceback (most recent call last):
  File "/opt/hostedtoolcache/Python/3.11.14/x64/lib/python3.11/site-packages/urllib3/connectionpool.py", line 464, in _make_request
    self._validate_conn(conn)
  File "/opt/hostedtoolcache/Python/3.11.14/x64/lib/python3.11/site-packages/urllib3/connectionpool.py", line 1093, in _validate_conn
    conn.connect()
  File "/opt/hostedtoolcache/Python/3.11.14/x64/lib/python3.11/site-packages/urllib3/connection.py", line 796, in connect
    sock_and_verified = _ssl_wrap_socket_and_match_hostname(
                        ^^^^^^^^^^^^^^^^^^^^^^^^^^^^^^^^^^^^
  File "/opt/hostedtoolcache/Python/3.11.14/x64/lib/python3.11/site-packages/urllib3/connection.py", line 975, in _ssl_wrap_socket_and_match_hostname
    ssl_sock = ssl_wrap_socket(
               ^^^^^^^^^^^^^^^^
  File "/opt/hostedtoolcache/Python/3.11.14/x64/lib/python3.11/site-packages/urllib3/util/ssl_.py", line 483, in ssl_wrap_socket
    ssl_sock = _ssl_wrap_socket_impl(sock, context, tls_in_tls, server_hostname)
               ^^^^^^^^^^^^^^^^^^^^^^^^^^^^^^^^^^^^^^^^^^^^^^^^^^^^^^^^^^^^^^^^^
  File "/opt/hostedtoolcache/Python/3.11.14/x64/lib/python3.11/site-packages/urllib3/util/ssl_.py", line 527, in _ssl_wrap_socket_impl
    return ssl_context.wrap_socket(sock, server_hostname=server_hostname)
           ^^^^^^^^^^^^^^^^^^^^^^^^^^^^^^^^^^^^^^^^^^^^^^^^^^^^^^^^^^^^^^
  File "/opt/hostedtoolcache/Python/3.11.14/x64/lib/python3.11/ssl.py", line 517, in wrap_socket
    return self.sslsocket_class._create(
           ^^^^^^^^^^^^^^^^^^^^^^^^^^^^^
  File "/opt/hostedtoolcache/Python/3.11.14/x64/lib/python3.11/ssl.py", line 1104, in _create
    self.do_handshake()
  File "/opt/hostedtoolcache/Python/3.11.14/x64/lib/python3.11/ssl.py", line 1382, in do_handshake
    self._sslobj.do_handshake()
ssl.SSLCertVerificationError: [SSL: CERTIFICATE_VERIFY_FAILED] certificate verify failed: unable to get local issuer certificate (_ssl.c:1016)

During handling of the above exception, another exception occurred:

Traceback (most recent call last):
  File "/opt/hostedtoolcache/Python/3.11.14/x64/lib/python3.11/site-packages/urllib3/connectionpool.py", line 787, in urlopen
    response = self._make_request(
               ^^^^^^^^^^^^^^^^^^^
  File "/opt/hostedtoolcache/Python/3.11.14/x64/lib/python3.11/site-packages/urllib3/connectionpool.py", line 488, in _make_request
    raise new_e
urllib3.exceptions.SSLError: [SSL: CERTIFICATE_VERIFY_FAILED] certificate verify failed: unable to get local issuer certificate (_ssl.c:1016)

The above exception was the direct cause of the following exception:

Traceback (most recent call last):
  File "/opt/hostedtoolcache/Python/3.11.14/x64/lib/python3.11/site-packages/requests/adapters.py", line 644, in send
    resp = conn.urlopen(
           ^^^^^^^^^^^^^
  File "/opt/hostedtoolcache/Python/3.11.14/x64/lib/python3.11/site-packages/urllib3/connectionpool.py", line 841, in urlopen
    retries = retries.increment(
              ^^^^^^^^^^^^^^^^^^
  File "/opt/hostedtoolcache/Python/3.11.14/x64/lib/python3.11/site-packages/urllib3/util/retry.py", line 535, in increment
    raise MaxRetryError(_pool, url, reason) from reason  # type: ignore[arg-type]
    ^^^^^^^^^^^^^^^^^^^^^^^^^^^^^^^^^^^^^^^^^^^^^^^^^^^
urllib3.exceptions.MaxRetryError: HTTPSConnectionPool(host='puertoreal.sedelectronica.es', port=443): Max retries exceeded with url: /board (Caused by SSLError(SSLCertVerificationError(1, '[SSL: CERTIFICATE_VERIFY_FAILED] certificate verify failed: unable to get local issuer certificate (_ssl.c:1016)')))

During handling of the above exception, another exception occurred:

Traceback (most recent call last):
  File "/opt/hostedtoolcache/Python/3.11.14/x64/lib/python3.11/site-packages/urlwatch/handler.py", line 113, in process
    data = self.job.retrieve(self)
           ^^^^^^^^^^^^^^^^^^^^^^^
  File "/opt/hostedtoolcache/Python/3.11.14/x64/lib/python3.11/site-packages/urlwatch/jobs.py", line 347, in retrieve
    response = requests.request(url=self.url,
               ^^^^^^^^^^^^^^^^^^^^^^^^^^^^^^
  File "/opt/hostedtoolcache/Python/3.11.14/x64/lib/python3.11/site-packages/requests/api.py", line 59, in request
    return session.request(method=method, url=url, **kwargs)
           ^^^^^^^^^^^^^^^^^^^^^^^^^^^^^^^^^^^^^^^^^^^^^^^^^
  File "/opt/hostedtoolcache/Python/3.11.14/x64/lib/python3.11/site-packages/requests/sessions.py", line 589, in request
    resp = self.send(prep, **send_kwargs)
           ^^^^^^^^^^^^^^^^^^^^^^^^^^^^^^
  File "/opt/hostedtoolcache/Python/3.11.14/x64/lib/python3.11/site-packages/requests/sessions.py", line 703, in send
    r = adapter.send(request, **kwargs)
        ^^^^^^^^^^^^^^^^^^^^^^^^^^^^^^^
  File "/opt/hostedtoolcache/Python/3.11.14/x64/lib/python3.11/site-packages/requests/adapters.py", line 675, in send
    raise SSLError(e, request=request)
requests.exceptions.SSLError: HTTPSConnectionPool(host='puertoreal.sedelectronica.es', port=443): Max retries exceeded with url: /board (Caused by SSLError(SSLCertVerificationError(1, '[SSL: CERTIFICATE_VERIFY_FAILED] certificate verify failed: unable to get local issuer certificate (_ssl.c:1016)')))
2026-02-11 13:50:12,493 connectionpool DEBUG: https://buscadorcursos.inap.es:443 "GET / HTTP/1.1" 200 3275
2026-02-11 13:50:12,494 filters INFO: Applying filter 'html2text', subfilter {} to https://buscadorcursos.inap.es/#/?abierto=true&funcion=6
2026-02-11 13:50:12,495 filters INFO: Applying filter 'grep', subfilter {'re': '(?i)informática|sistemas|tecnolog'} to https://buscadorcursos.inap.es/#/?abierto=true&funcion=6
2026-02-11 13:50:12,495 filters INFO: Applying filter 'strip', subfilter {} to https://buscadorcursos.inap.es/#/?abierto=true&funcion=6
2026-02-11 13:50:12,495 worker DEBUG: Job finished: <url url='https://buscadorcursos.inap.es/#/?abierto=true&funcion=6' method='GET' timeout=30 name='Cursos INAP - Informática' filter=['html2text', {'grep': '(?i)informática|sistemas|tecnolog'}, 'strip'] tags=frozenset({'cursos', 'inap', 'informatica'})>
2026-02-11 13:50:12,495 worker DEBUG: Using max_tries of 0 for <url url='https://buscadorcursos.inap.es/#/?abierto=true&funcion=6' method='GET' timeout=30 name='Cursos INAP - Informática' filter=['html2text', {'grep': '(?i)informática|sistemas|tecnolog'}, 'strip'] tags=frozenset({'cursos', 'inap', 'informatica'})>
2026-02-11 13:50:12,582 connectionpool DEBUG: https://www.juntadeandalucia.es:443 "GET /organismos/funcionpublica/ HTTP/1.1" 302 361
2026-02-11 13:50:12,696 connectionpool DEBUG: https://www.boe.es:443 "GET /buscar/doc.php?coleccion=boe&modo=ultimosdias&tm=4 HTTP/1.1" 302 0
2026-02-11 13:50:12,773 connectionpool DEBUG: https://www.boe.es:443 "GET /error/errorParametros.php HTTP/1.1" 200 12104
2026-02-11 13:50:12,774 filters INFO: Applying filter 'html2text', subfilter {} to https://www.boe.es/buscar/doc.php?coleccion=boe&modo=ultimosdias&tm=4
2026-02-11 13:50:12,774 filters INFO: Applying filter 'grep', subfilter {'re': '(?i)informática|sistemas|tecnolog|técnico superior'} to https://www.boe.es/buscar/doc.php?coleccion=boe&modo=ultimosdias&tm=4
2026-02-11 13:50:12,775 filters INFO: Applying filter 'strip', subfilter {} to https://www.boe.es/buscar/doc.php?coleccion=boe&modo=ultimosdias&tm=4
2026-02-11 13:50:12,775 worker DEBUG: Job finished: <url url='https://www.boe.es/buscar/doc.php?coleccion=boe&modo=ultimosdias&tm=4' method='GET' timeout=30 name='BOE - Oposiciones Estado' filter=['html2text', {'grep': '(?i)informática|sistemas|tecnolog|técnico superior'}, 'strip'] tags=frozenset({'estado', 'boe', 'oposiciones'})>
2026-02-11 13:50:12,775 worker DEBUG: Using max_tries of 0 for <url url='https://www.boe.es/buscar/doc.php?coleccion=boe&modo=ultimosdias&tm=4' method='GET' timeout=30 name='BOE - Oposiciones Estado' filter=['html2text', {'grep': '(?i)informática|sistemas|tecnolog|técnico superior'}, 'strip'] tags=frozenset({'estado', 'boe', 'oposiciones'})>
2026-02-11 13:50:13,264 connectionpool DEBUG: https://personal.uca.es:443 "GET /oposiciones-turno-libre/ HTTP/1.1" 200 15336
2026-02-11 13:50:13,266 filters INFO: Applying filter 'html2text', subfilter {} to https://personal.uca.es/oposiciones-turno-libre/
2026-02-11 13:50:13,266 filters INFO: Applying filter 'grep', subfilter {'re': 'informática'} to https://personal.uca.es/oposiciones-turno-libre/
2026-02-11 13:50:13,267 filters INFO: Applying filter 'strip', subfilter {} to https://personal.uca.es/oposiciones-turno-libre/
2026-02-11 13:50:13,267 worker DEBUG: Job finished: <url url='https://personal.uca.es/oposiciones-turno-libre/' method='GET' ignore_connection_errors=False timeout=30 name='Oposiciones UCA - Informática' filter=['html2text', {'grep': 'informática'}, 'strip'] tags=frozenset({'oposiciones', 'informatica', 'universidad'})>
2026-02-11 13:50:13,267 worker DEBUG: Using max_tries of 0 for <url url='https://personal.uca.es/oposiciones-turno-libre/' method='GET' ignore_connection_errors=False timeout=30 name='Oposiciones UCA - Informática' filter=['html2text', {'grep': 'informática'}, 'strip'] tags=frozenset({'oposiciones', 'informatica', 'universidad'})>
2026-02-11 13:50:13,743 connectionpool DEBUG: https://www.juntadeandalucia.es:443 "GET /organismos/funcionpublica.html HTTP/1.1" 404 33402
2026-02-11 13:50:13,905 handler DEBUG: Increasing number of tries to 571 for <url url='https://www.juntadeandalucia.es/organismos/funcionpublica/' method='GET' timeout=30 name='Junta de Andalucía - OPE' filter=['html2text', {'grep': '(?i)informática|sistemas|tecnolog|oposición'}, 'strip'] tags=frozenset({'junta-andalucia', 'ope', 'informatica'})>
2026-02-11 13:50:13,905 worker DEBUG: Job finished: <url url='https://www.juntadeandalucia.es/organismos/funcionpublica/' method='GET' timeout=30 name='Junta de Andalucía - OPE' filter=['html2text', {'grep': '(?i)informática|sistemas|tecnolog|oposición'}, 'strip'] tags=frozenset({'junta-andalucia', 'ope', 'informatica'})>
2026-02-11 13:50:13,905 worker DEBUG: Using max_tries of 0 for <url url='https://www.juntadeandalucia.es/organismos/funcionpublica/' method='GET' timeout=30 name='Junta de Andalucía - OPE' filter=['html2text', {'grep': '(?i)informática|sistemas|tecnolog|oposición'}, 'strip'] tags=frozenset({'junta-andalucia', 'ope', 'informatica'})>
2026-02-11 13:50:13,905 worker DEBUG: We are now at 571 tries 
2026-02-11 13:50:13,905 minidb DEBUG: INSERT INTO CacheEntry (guid, timestamp, data, tries, etag) VALUES (?, ?, ?, ?, ?) ['12ae3e4b8c627603a29725d79823e18e4870d789', 1770814213, None, 571, None]
2026-02-11 13:50:13,907 handler DEBUG: Got exception while processing <url url='https://www.juntadeandalucia.es/organismos/funcionpublica/' method='GET' timeout=30 name='Junta de Andalucía - OPE' filter=['html2text', {'grep': '(?i)informática|sistemas|tecnolog|oposición'}, 'strip'] tags=frozenset({'junta-andalucia', 'ope', 'informatica'})>
Traceback (most recent call last):
  File "/opt/hostedtoolcache/Python/3.11.14/x64/lib/python3.11/site-packages/urlwatch/handler.py", line 113, in process
    data = self.job.retrieve(self)
           ^^^^^^^^^^^^^^^^^^^^^^^
  File "/opt/hostedtoolcache/Python/3.11.14/x64/lib/python3.11/site-packages/urlwatch/jobs.py", line 356, in retrieve
    response.raise_for_status()
  File "/opt/hostedtoolcache/Python/3.11.14/x64/lib/python3.11/site-packages/requests/models.py", line 1026, in raise_for_status
    raise HTTPError(http_error_msg, response=self)
requests.exceptions.HTTPError: 404 Client Error: Not Found for url: https://www.juntadeandalucia.es/organismos/funcionpublica.html
2026-02-11 13:50:14,332 connectionpool DEBUG: https://puertoreal.es:443 "GET /oferta-publica-de-empleo/ HTTP/1.1" 200 14967
2026-02-11 13:50:14,419 filters INFO: Applying filter 'html2text', subfilter {} to https://puertoreal.es/oferta-publica-de-empleo/
2026-02-11 13:50:14,419 filters INFO: Applying filter 'grep', subfilter {'re': '(?i)informática|técnico|sistemas'} to https://puertoreal.es/oferta-publica-de-empleo/
2026-02-11 13:50:14,421 filters INFO: Applying filter 'strip', subfilter {} to https://puertoreal.es/oferta-publica-de-empleo/
2026-02-11 13:50:14,421 worker DEBUG: Job finished: <url url='https://puertoreal.es/oferta-publica-de-empleo/' method='GET' timeout=30 name='Ayto Puerto Real - OPE' filter=['html2text', {'grep': '(?i)informática|técnico|sistemas'}, 'strip'] tags=frozenset({'puerto-real', 'ope', 'ayuntamiento'})>
2026-02-11 13:50:14,421 worker DEBUG: Using max_tries of 0 for <url url='https://puertoreal.es/oferta-publica-de-empleo/' method='GET' timeout=30 name='Ayto Puerto Real - OPE' filter=['html2text', {'grep': '(?i)informática|técnico|sistemas'}, 'strip'] tags=frozenset({'puerto-real', 'ope', 'ayuntamiento'})>
2026-02-11 13:50:14,421 reporters INFO: Submitting with stdout (<class 'urlwatch.reporters.StdoutReporter'>)
========================================================================================================================
01. ERROR: Ayto Puerto Real - Tablón
02. ERROR: Junta de Andalucía - OPE
========================================================================================================================

------------------------------------------------------------------------------------------------------------------------
ERROR: Ayto Puerto Real - Tablón ( https://puertoreal.sedelectronica.es/board )
------------------------------------------------------------------------------------------------------------------------
HTTPSConnectionPool(host='puertoreal.sedelectronica.es', port=443): Max retries exceeded with url: /board (Caused by SSLError(SSLCertVerificationError(1, '[SSL: CERTIFICATE_VERIFY_FAILED] certificate verify failed: unable to get local issuer certificate (_ssl.c:1016)')))
------------------------------------------------------------------------------------------------------------------------


------------------------------------------------------------------------------------------------------------------------
ERROR: Junta de Andalucía - OPE ( https://www.juntadeandalucia.es/organismos/funcionpublica/ )
------------------------------------------------------------------------------------------------------------------------
404 Client Error: Not Found for url: https://www.juntadeandalucia.es/organismos/funcionpublica.html
------------------------------------------------------------------------------------------------------------------------


-- 
urlwatch 2.29, Copyright 2008-2024 Thomas Perl
Website: https://thp.io/2008/urlwatch/
Support urlwatch development: https://github.com/sponsors/thp
watched 6 URLs in 2 seconds
