2025-11-17 13:26:41,378 cli INFO: turning on verbose logging mode
2025-11-17 13:26:41,380 minidb DEBUG: PRAGMA table_info(CacheEntry)
2025-11-17 13:26:41,380 main INFO: Using .urlwatch/urls.yaml as URLs file
2025-11-17 13:26:41,380 main INFO: Using /home/runner/.config/urlwatch/hooks.py for hooks
2025-11-17 13:26:41,380 main INFO: Using .urlwatch/cache.db as cache database
2025-11-17 13:26:41,384 main INFO: Found 6 jobs
2025-11-17 13:26:41,384 worker DEBUG: Processing 6 jobs (out of 6)
2025-11-17 13:26:41,386 handler INFO: Processing: <url url='https://personal.uca.es/oposiciones-turno-libre/' ignore_connection_errors=False timeout=30 name='Oposiciones UCA - Informática' filter=['html2text', {'grep': 'informática'}, 'strip'] tags=frozenset({'universidad', 'oposiciones', 'informatica'})>
2025-11-17 13:26:41,386 minidb DEBUG: SELECT data, timestamp, tries, etag FROM CacheEntry WHERE guid = ? ORDER BY timestamp DESC, tries DESC LIMIT ? ['cced95a59b1f3044d3f200a36c0312b3cf6a2ddf', 1]
2025-11-17 13:26:41,386 handler INFO: Processing: <url url='https://buscadorcursos.inap.es/#/?abierto=true&funcion=6' timeout=30 name='Cursos INAP - Informática' filter=['html2text', {'grep': '(?i)informática|sistemas|tecnolog'}, 'strip'] tags=frozenset({'inap', 'cursos', 'informatica'})>
2025-11-17 13:26:41,387 handler INFO: Processing: <url url='https://puertoreal.sedelectronica.es/board' timeout=30 name='Ayto Puerto Real - Tablón' filter=['html2text', {'grep': '(?i)informática|técnico|sistemas'}, 'strip'] tags=frozenset({'ayuntamiento', 'informatica', 'puerto-real'})>
2025-11-17 13:26:41,387 handler INFO: Processing: <url url='https://puertoreal.es/oferta-publica-de-empleo/' timeout=30 name='Ayto Puerto Real - OPE' filter=['html2text', {'grep': '(?i)informática|técnico|sistemas'}, 'strip'] tags=frozenset({'ayuntamiento', 'ope', 'puerto-real'})>
2025-11-17 13:26:41,387 handler INFO: Processing: <url url='https://www.boe.es/buscar/doc.php?coleccion=boe&modo=ultimosdias&tm=4' timeout=30 name='BOE - Oposiciones Estado' filter=['html2text', {'grep': '(?i)informática|sistemas|tecnolog|técnico superior'}, 'strip'] tags=frozenset({'estado', 'boe', 'oposiciones'})>
2025-11-17 13:26:41,388 handler INFO: Processing: <url url='https://www.juntadeandalucia.es/organismos/funcionpublica/' timeout=30 name='Junta de Andalucía - OPE' filter=['html2text', {'grep': '(?i)informática|sistemas|tecnolog|oposición'}, 'strip'] tags=frozenset({'junta-andalucia', 'ope', 'informatica'})>
2025-11-17 13:26:41,388 minidb DEBUG: SELECT data, timestamp, tries, etag FROM CacheEntry WHERE guid = ? ORDER BY timestamp DESC, tries DESC LIMIT ? ['e7c4f5a11af0244bbee598b93b2c74c2e3356845', 1]
2025-11-17 13:26:41,390 connectionpool DEBUG: Starting new HTTPS connection (1): personal.uca.es:443
2025-11-17 13:26:41,391 connectionpool DEBUG: Starting new HTTPS connection (1): buscadorcursos.inap.es:443
2025-11-17 13:26:41,391 minidb DEBUG: SELECT data, timestamp, tries, etag FROM CacheEntry WHERE guid = ? ORDER BY timestamp DESC, tries DESC LIMIT ? ['ad2247145f4f85341613aacc6b70e02dcde0e89b', 1]
2025-11-17 13:26:41,392 minidb DEBUG: SELECT data, timestamp, tries, etag FROM CacheEntry WHERE guid = ? ORDER BY timestamp DESC, tries DESC LIMIT ? ['7e9a3d72638d85a09b09260a765d924d61007ffb', 1]
2025-11-17 13:26:41,392 connectionpool DEBUG: Starting new HTTPS connection (1): puertoreal.sedelectronica.es:443
2025-11-17 13:26:41,393 connectionpool DEBUG: Starting new HTTPS connection (1): puertoreal.es:443
2025-11-17 13:26:41,394 minidb DEBUG: SELECT data, timestamp, tries, etag FROM CacheEntry WHERE guid = ? ORDER BY timestamp DESC, tries DESC LIMIT ? ['8b6250dc36208ebde52a601e4996439030bc0a01', 1]
2025-11-17 13:26:41,395 connectionpool DEBUG: Starting new HTTPS connection (1): www.boe.es:443
2025-11-17 13:26:41,395 minidb DEBUG: SELECT data, timestamp, tries, etag FROM CacheEntry WHERE guid = ? ORDER BY timestamp DESC, tries DESC LIMIT ? ['12ae3e4b8c627603a29725d79823e18e4870d789', 1]
2025-11-17 13:26:41,396 connectionpool DEBUG: Starting new HTTPS connection (1): www.juntadeandalucia.es:443
2025-11-17 13:26:41,867 connectionpool DEBUG: https://buscadorcursos.inap.es:443 "GET / HTTP/1.1" 200 3272
2025-11-17 13:26:41,868 filters INFO: Applying filter 'html2text', subfilter {} to https://buscadorcursos.inap.es/#/?abierto=true&funcion=6
2025-11-17 13:26:41,869 filters INFO: Applying filter 'grep', subfilter {'re': '(?i)informática|sistemas|tecnolog'} to https://buscadorcursos.inap.es/#/?abierto=true&funcion=6
2025-11-17 13:26:41,869 filters INFO: Applying filter 'strip', subfilter {} to https://buscadorcursos.inap.es/#/?abierto=true&funcion=6
2025-11-17 13:26:41,869 worker DEBUG: Job finished: <url url='https://buscadorcursos.inap.es/#/?abierto=true&funcion=6' method='GET' timeout=30 name='Cursos INAP - Informática' filter=['html2text', {'grep': '(?i)informática|sistemas|tecnolog'}, 'strip'] tags=frozenset({'inap', 'cursos', 'informatica'})>
2025-11-17 13:26:41,869 worker DEBUG: Using max_tries of 0 for <url url='https://buscadorcursos.inap.es/#/?abierto=true&funcion=6' method='GET' timeout=30 name='Cursos INAP - Informática' filter=['html2text', {'grep': '(?i)informática|sistemas|tecnolog'}, 'strip'] tags=frozenset({'inap', 'cursos', 'informatica'})>
2025-11-17 13:26:42,105 connectionpool DEBUG: https://www.juntadeandalucia.es:443 "GET /organismos/funcionpublica/ HTTP/1.1" 302 361
2025-11-17 13:26:42,170 connectionpool DEBUG: https://puertoreal.sedelectronica.es:443 "GET /board HTTP/1.1" 200 None
2025-11-17 13:26:42,171 filters INFO: Applying filter 'html2text', subfilter {} to https://puertoreal.sedelectronica.es/board
2025-11-17 13:26:42,172 filters INFO: Applying filter 'grep', subfilter {'re': '(?i)informática|técnico|sistemas'} to https://puertoreal.sedelectronica.es/board
2025-11-17 13:26:42,172 filters INFO: Applying filter 'strip', subfilter {} to https://puertoreal.sedelectronica.es/board
2025-11-17 13:26:42,172 worker DEBUG: Job finished: <url url='https://puertoreal.sedelectronica.es/board' method='GET' timeout=30 name='Ayto Puerto Real - Tablón' filter=['html2text', {'grep': '(?i)informática|técnico|sistemas'}, 'strip'] tags=frozenset({'ayuntamiento', 'informatica', 'puerto-real'})>
2025-11-17 13:26:42,172 worker DEBUG: Using max_tries of 0 for <url url='https://puertoreal.sedelectronica.es/board' method='GET' timeout=30 name='Ayto Puerto Real - Tablón' filter=['html2text', {'grep': '(?i)informática|técnico|sistemas'}, 'strip'] tags=frozenset({'ayuntamiento', 'informatica', 'puerto-real'})>
2025-11-17 13:26:42,193 connectionpool DEBUG: https://www.boe.es:443 "GET /buscar/doc.php?coleccion=boe&modo=ultimosdias&tm=4 HTTP/1.1" 302 0
2025-11-17 13:26:42,348 connectionpool DEBUG: https://www.boe.es:443 "GET /error/errorParametros.php HTTP/1.1" 200 11785
2025-11-17 13:26:42,349 filters INFO: Applying filter 'html2text', subfilter {} to https://www.boe.es/buscar/doc.php?coleccion=boe&modo=ultimosdias&tm=4
2025-11-17 13:26:42,349 filters INFO: Applying filter 'grep', subfilter {'re': '(?i)informática|sistemas|tecnolog|técnico superior'} to https://www.boe.es/buscar/doc.php?coleccion=boe&modo=ultimosdias&tm=4
2025-11-17 13:26:42,350 filters INFO: Applying filter 'strip', subfilter {} to https://www.boe.es/buscar/doc.php?coleccion=boe&modo=ultimosdias&tm=4
2025-11-17 13:26:42,350 worker DEBUG: Job finished: <url url='https://www.boe.es/buscar/doc.php?coleccion=boe&modo=ultimosdias&tm=4' method='GET' timeout=30 name='BOE - Oposiciones Estado' filter=['html2text', {'grep': '(?i)informática|sistemas|tecnolog|técnico superior'}, 'strip'] tags=frozenset({'estado', 'boe', 'oposiciones'})>
2025-11-17 13:26:42,350 worker DEBUG: Using max_tries of 0 for <url url='https://www.boe.es/buscar/doc.php?coleccion=boe&modo=ultimosdias&tm=4' method='GET' timeout=30 name='BOE - Oposiciones Estado' filter=['html2text', {'grep': '(?i)informática|sistemas|tecnolog|técnico superior'}, 'strip'] tags=frozenset({'estado', 'boe', 'oposiciones'})>
2025-11-17 13:26:42,554 connectionpool DEBUG: https://personal.uca.es:443 "GET /oposiciones-turno-libre/ HTTP/1.1" 200 14959
2025-11-17 13:26:42,555 filters INFO: Applying filter 'html2text', subfilter {} to https://personal.uca.es/oposiciones-turno-libre/
2025-11-17 13:26:42,556 filters INFO: Applying filter 'grep', subfilter {'re': 'informática'} to https://personal.uca.es/oposiciones-turno-libre/
2025-11-17 13:26:42,556 filters INFO: Applying filter 'strip', subfilter {} to https://personal.uca.es/oposiciones-turno-libre/
2025-11-17 13:26:42,556 worker DEBUG: Job finished: <url url='https://personal.uca.es/oposiciones-turno-libre/' method='GET' ignore_connection_errors=False timeout=30 name='Oposiciones UCA - Informática' filter=['html2text', {'grep': 'informática'}, 'strip'] tags=frozenset({'universidad', 'oposiciones', 'informatica'})>
2025-11-17 13:26:42,557 worker DEBUG: Using max_tries of 0 for <url url='https://personal.uca.es/oposiciones-turno-libre/' method='GET' ignore_connection_errors=False timeout=30 name='Oposiciones UCA - Informática' filter=['html2text', {'grep': 'informática'}, 'strip'] tags=frozenset({'universidad', 'oposiciones', 'informatica'})>
2025-11-17 13:26:43,938 connectionpool DEBUG: https://puertoreal.es:443 "GET /oferta-publica-de-empleo/ HTTP/1.1" 200 14958
2025-11-17 13:26:44,088 filters INFO: Applying filter 'html2text', subfilter {} to https://puertoreal.es/oferta-publica-de-empleo/
2025-11-17 13:26:44,089 filters INFO: Applying filter 'grep', subfilter {'re': '(?i)informática|técnico|sistemas'} to https://puertoreal.es/oferta-publica-de-empleo/
2025-11-17 13:26:44,090 filters INFO: Applying filter 'strip', subfilter {} to https://puertoreal.es/oferta-publica-de-empleo/
2025-11-17 13:26:44,090 worker DEBUG: Job finished: <url url='https://puertoreal.es/oferta-publica-de-empleo/' method='GET' timeout=30 name='Ayto Puerto Real - OPE' filter=['html2text', {'grep': '(?i)informática|técnico|sistemas'}, 'strip'] tags=frozenset({'ayuntamiento', 'ope', 'puerto-real'})>
2025-11-17 13:26:44,090 worker DEBUG: Using max_tries of 0 for <url url='https://puertoreal.es/oferta-publica-de-empleo/' method='GET' timeout=30 name='Ayto Puerto Real - OPE' filter=['html2text', {'grep': '(?i)informática|técnico|sistemas'}, 'strip'] tags=frozenset({'ayuntamiento', 'ope', 'puerto-real'})>
2025-11-17 13:27:12,201 handler DEBUG: Increasing number of tries to 227 for <url url='https://www.juntadeandalucia.es/organismos/funcionpublica/' method='GET' timeout=30 name='Junta de Andalucía - OPE' filter=['html2text', {'grep': '(?i)informática|sistemas|tecnolog|oposición'}, 'strip'] tags=frozenset({'junta-andalucia', 'ope', 'informatica'})>
2025-11-17 13:27:12,201 worker DEBUG: Job finished: <url url='https://www.juntadeandalucia.es/organismos/funcionpublica/' method='GET' timeout=30 name='Junta de Andalucía - OPE' filter=['html2text', {'grep': '(?i)informática|sistemas|tecnolog|oposición'}, 'strip'] tags=frozenset({'junta-andalucia', 'ope', 'informatica'})>
2025-11-17 13:27:12,201 worker DEBUG: Using max_tries of 0 for <url url='https://www.juntadeandalucia.es/organismos/funcionpublica/' method='GET' timeout=30 name='Junta de Andalucía - OPE' filter=['html2text', {'grep': '(?i)informática|sistemas|tecnolog|oposición'}, 'strip'] tags=frozenset({'junta-andalucia', 'ope', 'informatica'})>
2025-11-17 13:27:12,201 worker DEBUG: We are now at 227 tries 
2025-11-17 13:27:12,201 minidb DEBUG: INSERT INTO CacheEntry (guid, timestamp, data, tries, etag) VALUES (?, ?, ?, ?, ?) ['12ae3e4b8c627603a29725d79823e18e4870d789', 1763382432, None, 227, None]
2025-11-17 13:27:12,203 handler DEBUG: Got exception while processing <url url='https://www.juntadeandalucia.es/organismos/funcionpublica/' method='GET' timeout=30 name='Junta de Andalucía - OPE' filter=['html2text', {'grep': '(?i)informática|sistemas|tecnolog|oposición'}, 'strip'] tags=frozenset({'junta-andalucia', 'ope', 'informatica'})>
Traceback (most recent call last):
  File "/opt/hostedtoolcache/Python/3.11.14/x64/lib/python3.11/site-packages/urllib3/connectionpool.py", line 534, in _make_request
    response = conn.getresponse()
               ^^^^^^^^^^^^^^^^^^
  File "/opt/hostedtoolcache/Python/3.11.14/x64/lib/python3.11/site-packages/urllib3/connection.py", line 565, in getresponse
    httplib_response = super().getresponse()
                       ^^^^^^^^^^^^^^^^^^^^^
  File "/opt/hostedtoolcache/Python/3.11.14/x64/lib/python3.11/http/client.py", line 1395, in getresponse
    response.begin()
  File "/opt/hostedtoolcache/Python/3.11.14/x64/lib/python3.11/http/client.py", line 325, in begin
    version, status, reason = self._read_status()
                              ^^^^^^^^^^^^^^^^^^^
  File "/opt/hostedtoolcache/Python/3.11.14/x64/lib/python3.11/http/client.py", line 286, in _read_status
    line = str(self.fp.readline(_MAXLINE + 1), "iso-8859-1")
               ^^^^^^^^^^^^^^^^^^^^^^^^^^^^^^
  File "/opt/hostedtoolcache/Python/3.11.14/x64/lib/python3.11/socket.py", line 718, in readinto
    return self._sock.recv_into(b)
           ^^^^^^^^^^^^^^^^^^^^^^^
  File "/opt/hostedtoolcache/Python/3.11.14/x64/lib/python3.11/ssl.py", line 1314, in recv_into
    return self.read(nbytes, buffer)
           ^^^^^^^^^^^^^^^^^^^^^^^^^
  File "/opt/hostedtoolcache/Python/3.11.14/x64/lib/python3.11/ssl.py", line 1166, in read
    return self._sslobj.read(len, buffer)
           ^^^^^^^^^^^^^^^^^^^^^^^^^^^^^^
TimeoutError: The read operation timed out

The above exception was the direct cause of the following exception:

Traceback (most recent call last):
  File "/opt/hostedtoolcache/Python/3.11.14/x64/lib/python3.11/site-packages/requests/adapters.py", line 644, in send
    resp = conn.urlopen(
           ^^^^^^^^^^^^^
  File "/opt/hostedtoolcache/Python/3.11.14/x64/lib/python3.11/site-packages/urllib3/connectionpool.py", line 841, in urlopen
    retries = retries.increment(
              ^^^^^^^^^^^^^^^^^^
  File "/opt/hostedtoolcache/Python/3.11.14/x64/lib/python3.11/site-packages/urllib3/util/retry.py", line 474, in increment
    raise reraise(type(error), error, _stacktrace)
          ^^^^^^^^^^^^^^^^^^^^^^^^^^^^^^^^^^^^^^^^
  File "/opt/hostedtoolcache/Python/3.11.14/x64/lib/python3.11/site-packages/urllib3/util/util.py", line 39, in reraise
    raise value
  File "/opt/hostedtoolcache/Python/3.11.14/x64/lib/python3.11/site-packages/urllib3/connectionpool.py", line 787, in urlopen
    response = self._make_request(
               ^^^^^^^^^^^^^^^^^^^
  File "/opt/hostedtoolcache/Python/3.11.14/x64/lib/python3.11/site-packages/urllib3/connectionpool.py", line 536, in _make_request
    self._raise_timeout(err=e, url=url, timeout_value=read_timeout)
  File "/opt/hostedtoolcache/Python/3.11.14/x64/lib/python3.11/site-packages/urllib3/connectionpool.py", line 367, in _raise_timeout
    raise ReadTimeoutError(
urllib3.exceptions.ReadTimeoutError: HTTPSConnectionPool(host='www.juntadeandalucia.es', port=443): Read timed out. (read timeout=30)

During handling of the above exception, another exception occurred:

Traceback (most recent call last):
  File "/opt/hostedtoolcache/Python/3.11.14/x64/lib/python3.11/site-packages/urlwatch/handler.py", line 113, in process
    data = self.job.retrieve(self)
           ^^^^^^^^^^^^^^^^^^^^^^^
  File "/opt/hostedtoolcache/Python/3.11.14/x64/lib/python3.11/site-packages/urlwatch/jobs.py", line 347, in retrieve
    response = requests.request(url=self.url,
               ^^^^^^^^^^^^^^^^^^^^^^^^^^^^^^
  File "/opt/hostedtoolcache/Python/3.11.14/x64/lib/python3.11/site-packages/requests/api.py", line 59, in request
    return session.request(method=method, url=url, **kwargs)
           ^^^^^^^^^^^^^^^^^^^^^^^^^^^^^^^^^^^^^^^^^^^^^^^^^
  File "/opt/hostedtoolcache/Python/3.11.14/x64/lib/python3.11/site-packages/requests/sessions.py", line 589, in request
    resp = self.send(prep, **send_kwargs)
           ^^^^^^^^^^^^^^^^^^^^^^^^^^^^^^
  File "/opt/hostedtoolcache/Python/3.11.14/x64/lib/python3.11/site-packages/requests/sessions.py", line 724, in send
    history = [resp for resp in gen]
              ^^^^^^^^^^^^^^^^^^^^^^
  File "/opt/hostedtoolcache/Python/3.11.14/x64/lib/python3.11/site-packages/requests/sessions.py", line 724, in <listcomp>
    history = [resp for resp in gen]
              ^^^^^^^^^^^^^^^^^^^^^^
  File "/opt/hostedtoolcache/Python/3.11.14/x64/lib/python3.11/site-packages/requests/sessions.py", line 265, in resolve_redirects
    resp = self.send(
           ^^^^^^^^^^
  File "/opt/hostedtoolcache/Python/3.11.14/x64/lib/python3.11/site-packages/requests/sessions.py", line 703, in send
    r = adapter.send(request, **kwargs)
        ^^^^^^^^^^^^^^^^^^^^^^^^^^^^^^^
  File "/opt/hostedtoolcache/Python/3.11.14/x64/lib/python3.11/site-packages/requests/adapters.py", line 690, in send
    raise ReadTimeout(e, request=request)
requests.exceptions.ReadTimeout: HTTPSConnectionPool(host='www.juntadeandalucia.es', port=443): Read timed out. (read timeout=30)
2025-11-17 13:27:12,204 reporters INFO: Submitting with stdout (<class 'urlwatch.reporters.StdoutReporter'>)
========================================================================================================================
01. ERROR: Junta de Andalucía - OPE
========================================================================================================================

------------------------------------------------------------------------------------------------------------------------
ERROR: Junta de Andalucía - OPE ( https://www.juntadeandalucia.es/organismos/funcionpublica/ )
------------------------------------------------------------------------------------------------------------------------
HTTPSConnectionPool(host='www.juntadeandalucia.es', port=443): Read timed out. (read timeout=30)
------------------------------------------------------------------------------------------------------------------------


-- 
urlwatch 2.29, Copyright 2008-2024 Thomas Perl
Website: https://thp.io/2008/urlwatch/
Support urlwatch development: https://github.com/sponsors/thp
watched 6 URLs in 30 seconds
